2026-01-12 18:35:26.474956 - ✅ 20MICRONS.NS: Retrieved 248 bars
2026-01-12 18:35:27.097188 - ✅ A2ZINFRA.NS: Retrieved 248 bars
2026-01-12 18:35:27.217887 - ✅ AAKASH.NS: Retrieved 248 bars
2026-01-12 18:35:27.325595 - ✅ AARON.NS: Retrieved 248 bars
2026-01-12 18:35:27.431588 - ✅ AARTIIND.NS: Retrieved 248 bars
2026-01-12 18:48:15.514773 - ✅ 20MICRONS.NS: Retrieved 248 bars
2026-01-12 18:48:16.173056 - ✅ A2ZINFRA.NS: Retrieved 248 bars
2026-01-12 18:48:16.299796 - ✅ AAKASH.NS: Retrieved 248 bars
2026-01-12 18:48:16.471721 - ✅ AARON.NS: Retrieved 248 bars
2026-01-12 18:48:16.637015 - ✅ AARTIIND.NS: Retrieved 248 bars
2026-01-12 18:48:16.803689 - ✅ AARTISURF.NS: Retrieved 248 bars
2026-01-12 18:48:16.904205 - ✅ AARVI.NS: Retrieved 248 bars
2026-01-12 18:48:17.034652 - ✅ AAVAS.NS: Retrieved 248 bars
2026-01-12 18:48:17.148001 - ✅ ABAN.NS: Retrieved 248 bars
2026-01-12 18:48:17.269956 - ✅ ABB.NS: Retrieved 248 bars
2026-01-12 18:48:17.368813 - ✅ ABCAPITAL.NS: Retrieved 248 bars
2026-01-12 18:48:17.478680 - ✅ ABFRL.NS: Retrieved 248 bars
2026-01-12 18:48:17.590822 - ✅ ACCELYA.NS: Retrieved 248 bars
2026-01-12 18:48:17.704644 - ✅ ACCURACY.NS: Retrieved 248 bars
2026-01-12 18:48:17.847273 - ✅ ACC.NS: Retrieved 248 bars
2026-01-12 18:48:17.953390 - ✅ ADANIENT.NS: Retrieved 248 bars
2026-01-12 18:48:18.116221 - ✅ ADFFOODS.NS: Retrieved 248 bars
2026-01-12 18:48:18.255923 - ✅ ADL.NS: Retrieved 248 bars
2026-01-12 18:48:18.364571 - ✅ ACE.NS: Retrieved 248 bars
2026-01-12 18:48:18.481839 - ✅ ADSL.NS: Retrieved 248 bars
2026-01-12 18:48:18.586935 - ✅ AFFLE.NS: Retrieved 248 bars
2026-01-12 18:48:18.699466 - ✅ AGARIND.NS: Retrieved 248 bars
2026-01-12 18:48:18.809119 - ✅ AGRITECH.NS: Retrieved 248 bars
2026-01-12 18:48:18.942884 - ✅ AGROPHOS.NS: Retrieved 248 bars
2026-01-12 18:48:19.068995 - ✅ AHLADA.NS: Retrieved 248 bars
2026-01-12 18:48:19.183011 - ✅ AHLEAST.NS: Retrieved 248 bars
2026-01-12 18:48:19.328561 - ✅ AHLUCONT.NS: Retrieved 248 bars
2026-01-12 18:48:19.447465 - ✅ AIAENG.NS: Retrieved 248 bars
2026-01-12 18:48:19.564089 - ✅ AIRAN.NS: Retrieved 248 bars
2026-01-12 18:48:19.690628 - ✅ AJMERA.NS: Retrieved 248 bars
2026-01-12 18:48:19.806277 - ✅ AKASH.NS: Retrieved 248 bars
2026-01-12 18:48:19.923069 - ✅ AKG.NS: Retrieved 248 bars
2026-01-12 18:48:20.043972 - ✅ AKZOINDIA.NS: Retrieved 248 bars
2026-01-12 18:48:20.179868 - ✅ ALANKIT.NS: Retrieved 248 bars
2026-01-12 18:48:20.290961 - ✅ ALICON.NS: Retrieved 248 bars
2026-01-12 18:48:20.417234 - ✅ ALKALI.NS: Retrieved 248 bars
2026-01-12 18:48:20.523779 - ✅ ALKEM.NS: Retrieved 248 bars
2026-01-12 18:48:20.651904 - ✅ ALLCARGO.NS: Retrieved 248 bars
2026-01-12 18:48:20.794474 - ✅ ALOKINDS.NS: Retrieved 248 bars
2026-01-12 18:48:20.934761 - ✅ ALMONDZ.NS: Retrieved 248 bars
2026-01-12 18:48:21.057036 - ✅ ALPA.NS: Retrieved 248 bars
2026-01-12 18:48:21.175800 - ✅ ALPHAGEO.NS: Retrieved 248 bars
2026-01-12 18:48:21.290861 - ✅ AMBER.NS: Retrieved 248 bars
2026-01-12 18:48:21.397656 - ✅ AMBIKCO.NS: Retrieved 248 bars
2026-01-12 18:48:21.526163 - ✅ AMBUJACEM.NS: Retrieved 248 bars
2026-01-12 18:48:21.639055 - ✅ AMDIND.NS: Retrieved 248 bars
2026-01-12 18:48:21.773982 - ✅ AMJLAND.NS: Retrieved 248 bars
2026-01-12 18:48:21.973208 - ✅ ANANTRAJ.NS: Retrieved 248 bars
2026-01-12 18:48:22.116697 - ✅ ANDHRAPAP.NS: Retrieved 248 bars
2026-01-12 18:48:22.232177 - ✅ ANIKINDS.NS: Retrieved 248 bars
2026-01-12 18:48:33.070770 - ✅ ANUP.NS: Retrieved 248 bars
2026-01-12 18:48:33.713822 - ✅ ANURAS.NS: Retrieved 248 bars
2026-01-12 18:48:33.818494 - ✅ APARINDS.NS: Retrieved 248 bars
2026-01-12 18:48:33.916239 - ✅ APCL.NS: Retrieved 248 bars
2026-01-12 18:48:34.018802 - ✅ APEX.NS: Retrieved 248 bars
2026-01-12 18:48:34.140696 - ✅ APLAPOLLO.NS: Retrieved 248 bars
2026-01-12 18:48:34.268870 - ✅ APLLTD.NS: Retrieved 248 bars
2026-01-12 18:48:34.387837 - ✅ APOLLO.NS: Retrieved 248 bars
2026-01-12 18:48:34.490585 - ✅ APTECHT.NS: Retrieved 248 bars
2026-01-12 18:48:34.590982 - ✅ ARCHIDPLY.NS: Retrieved 248 bars
2026-01-12 18:48:34.710571 - ✅ ARCHIES.NS: Retrieved 248 bars
2026-01-12 18:48:34.804535 - ✅ ARENTERP.NS: Retrieved 248 bars
2026-01-12 18:48:34.909172 - ✅ ARIES.NS: Retrieved 248 bars
2026-01-12 18:48:35.023871 - ✅ ARMANFIN.NS: Retrieved 248 bars
2026-01-12 18:48:35.130852 - ✅ ARSHIYA.NS: Retrieved 248 bars
2026-01-12 18:48:35.236917 - ✅ ARVEE.NS: Retrieved 248 bars
2026-01-12 18:48:35.358259 - ✅ ARVIND.NS: Retrieved 248 bars
2026-01-12 18:48:35.497315 - ✅ ARVSMART.NS: Retrieved 248 bars
2026-01-12 18:48:35.629676 - ✅ ASAHISONG.NS: Retrieved 248 bars
2026-01-12 18:48:35.749192 - ✅ ASAL.NS: Retrieved 248 bars
2026-01-12 18:48:35.874178 - ✅ ASALCBR.NS: Retrieved 248 bars
2026-01-12 18:48:35.999196 - ✅ ASHIMASYN.NS: Retrieved 248 bars
2026-01-12 18:48:36.141500 - ✅ ASHIANA.NS: Retrieved 248 bars
2026-01-12 18:48:36.282431 - ✅ ASHOKA.NS: Retrieved 248 bars
2026-01-12 18:48:36.403183 - ✅ ASHOKLEY.NS: Retrieved 248 bars
2026-01-12 18:48:36.515177 - ✅ ASPINWALL.NS: Retrieved 248 bars
2026-01-12 18:48:36.630989 - ✅ ASTEC.NS: Retrieved 248 bars
2026-01-12 18:48:36.766644 - ✅ ASTERDM.NS: Retrieved 248 bars
2026-01-12 18:48:36.912244 - ✅ ASTRAL.NS: Retrieved 248 bars
2026-01-12 18:48:37.042367 - ✅ ASTRAZEN.NS: Retrieved 248 bars
2026-01-12 18:48:37.162149 - ✅ ASTRON.NS: Retrieved 248 bars
2026-01-12 18:48:37.282371 - ✅ ATGL.NS: Retrieved 248 bars
2026-01-12 18:48:37.398515 - ✅ ATUL.NS: Retrieved 248 bars
2026-01-12 18:48:37.503448 - ✅ ATULAUTO.NS: Retrieved 248 bars
2026-01-12 18:48:37.625044 - ✅ AUBANK.NS: Retrieved 248 bars
2026-01-12 18:48:37.738732 - ✅ AURIONPRO.NS: Retrieved 248 bars
2026-01-12 18:48:37.841675 - ✅ AUSOMENT.NS: Retrieved 248 bars
2026-01-12 18:48:37.962799 - ✅ AUTOAXLES.NS: Retrieved 248 bars
2026-01-12 18:48:38.077868 - ✅ AVTNPL.NS: Retrieved 248 bars
2026-01-12 18:48:38.219857 - ✅ AUTOIND.NS: Retrieved 248 bars
2026-01-12 18:48:38.318487 - ✅ AWHCL.NS: Retrieved 248 bars
2026-01-12 18:48:38.445381 - ✅ AXISBANK.NS: Retrieved 248 bars
2026-01-12 18:48:38.576578 - ✅ AXISCADES.NS: Retrieved 248 bars
2026-01-12 18:48:38.688766 - ✅ AYMSYNTEX.NS: Retrieved 248 bars
2026-01-12 18:48:38.792470 - ✅ BAFNAPH.NS: Retrieved 248 bars
2026-01-12 18:48:38.908926 - ✅ BAGFILMS.NS: Retrieved 248 bars
2026-01-12 18:48:39.034748 - ✅ BAJAJCON.NS: Retrieved 248 bars
2026-01-12 18:48:39.153030 - ✅ BAJAJELEC.NS: Retrieved 248 bars
2026-01-12 18:48:39.251249 - ✅ BAJAJHIND.NS: Retrieved 248 bars
2026-01-12 18:48:39.352717 - ✅ BALAMINES.NS: Retrieved 248 bars
2026-01-12 18:48:41.091812 - ✅ BALAXI.NS: Retrieved 248 bars
2026-01-12 18:48:41.373012 - ✅ BALPHARMA.NS: Retrieved 248 bars
2026-01-12 18:48:41.483964 - ✅ BANARISUG.NS: Retrieved 248 bars
